<?xml version="1.0" encoding="UTF-8"?>
<testsuite xmlns:xsi="http://www.w3.org/2001/XMLSchema-instance" xsi:noNamespaceSchemaLocation="https://maven.apache.org/surefire/maven-surefire-plugin/xsd/surefire-test-report.xsd" name="com.yuanbest.jobscheduler.JobsSchedulerApplicationTests" time="3.739" tests="1" errors="0" skipped="0" failures="0">
  <properties>
    <property name="sun.desktop" value="windows"/>
    <property name="awt.toolkit" value="sun.awt.windows.WToolkit"/>
    <property name="file.encoding.pkg" value="sun.io"/>
    <property name="java.specification.version" value="1.8"/>
    <property name="sun.cpu.isalist" value="amd64"/>
    <property name="sun.jnu.encoding" value="GBK"/>
    <property name="java.class.path" value="D:\javacode\jobs-scheduler\target\test-classes;D:\javacode\jobs-scheduler\target\classes;D:\apache-maven-3.6.1\repo\org\springframework\boot\spring-boot-starter-web\2.3.8.RELEASE\spring-boot-starter-web-2.3.8.RELEASE.jar;D:\apache-maven-3.6.1\repo\org\springframework\boot\spring-boot-starter\2.3.8.RELEASE\spring-boot-starter-2.3.8.RELEASE.jar;D:\apache-maven-3.6.1\repo\org\springframework\boot\spring-boot-starter-logging\2.3.8.RELEASE\spring-boot-starter-logging-2.3.8.RELEASE.jar;D:\apache-maven-3.6.1\repo\ch\qos\logback\logback-classic\1.2.3\logback-classic-1.2.3.jar;D:\apache-maven-3.6.1\repo\ch\qos\logback\logback-core\1.2.3\logback-core-1.2.3.jar;D:\apache-maven-3.6.1\repo\org\apache\logging\log4j\log4j-to-slf4j\2.13.3\log4j-to-slf4j-2.13.3.jar;D:\apache-maven-3.6.1\repo\org\apache\logging\log4j\log4j-api\2.13.3\log4j-api-2.13.3.jar;D:\apache-maven-3.6.1\repo\org\slf4j\jul-to-slf4j\1.7.30\jul-to-slf4j-1.7.30.jar;D:\apache-maven-3.6.1\repo\jakarta\annotation\jakarta.annotation-api\1.3.5\jakarta.annotation-api-1.3.5.jar;D:\apache-maven-3.6.1\repo\org\yaml\snakeyaml\1.26\snakeyaml-1.26.jar;D:\apache-maven-3.6.1\repo\org\springframework\boot\spring-boot-starter-json\2.3.8.RELEASE\spring-boot-starter-json-2.3.8.RELEASE.jar;D:\apache-maven-3.6.1\repo\com\fasterxml\jackson\core\jackson-databind\2.11.4\jackson-databind-2.11.4.jar;D:\apache-maven-3.6.1\repo\com\fasterxml\jackson\core\jackson-annotations\2.11.4\jackson-annotations-2.11.4.jar;D:\apache-maven-3.6.1\repo\com\fasterxml\jackson\core\jackson-core\2.11.4\jackson-core-2.11.4.jar;D:\apache-maven-3.6.1\repo\com\fasterxml\jackson\datatype\jackson-datatype-jdk8\2.11.4\jackson-datatype-jdk8-2.11.4.jar;D:\apache-maven-3.6.1\repo\com\fasterxml\jackson\datatype\jackson-datatype-jsr310\2.11.4\jackson-datatype-jsr310-2.11.4.jar;D:\apache-maven-3.6.1\repo\com\fasterxml\jackson\module\jackson-module-parameter-names\2.11.4\jackson-module-parameter-names-2.11.4.jar;D:\apache-maven-3.6.1\repo\org\springframework\boot\spring-boot-starter-tomcat\2.3.8.RELEASE\spring-boot-starter-tomcat-2.3.8.RELEASE.jar;D:\apache-maven-3.6.1\repo\org\apache\tomcat\embed\tomcat-embed-core\9.0.41\tomcat-embed-core-9.0.41.jar;D:\apache-maven-3.6.1\repo\org\glassfish\jakarta.el\3.0.3\jakarta.el-3.0.3.jar;D:\apache-maven-3.6.1\repo\org\apache\tomcat\embed\tomcat-embed-websocket\9.0.41\tomcat-embed-websocket-9.0.41.jar;D:\apache-maven-3.6.1\repo\org\springframework\spring-web\5.2.12.RELEASE\spring-web-5.2.12.RELEASE.jar;D:\apache-maven-3.6.1\repo\org\springframework\spring-beans\5.2.12.RELEASE\spring-beans-5.2.12.RELEASE.jar;D:\apache-maven-3.6.1\repo\org\springframework\spring-webmvc\5.2.12.RELEASE\spring-webmvc-5.2.12.RELEASE.jar;D:\apache-maven-3.6.1\repo\org\springframework\spring-aop\5.2.12.RELEASE\spring-aop-5.2.12.RELEASE.jar;D:\apache-maven-3.6.1\repo\org\springframework\spring-context\5.2.12.RELEASE\spring-context-5.2.12.RELEASE.jar;D:\apache-maven-3.6.1\repo\org\springframework\spring-expression\5.2.12.RELEASE\spring-expression-5.2.12.RELEASE.jar;D:\apache-maven-3.6.1\repo\mysql\mysql-connector-java\8.0.22\mysql-connector-java-8.0.22.jar;D:\apache-maven-3.6.1\repo\org\projectlombok\lombok\1.18.16\lombok-1.18.16.jar;D:\apache-maven-3.6.1\repo\org\springframework\boot\spring-boot-starter-test\2.3.8.RELEASE\spring-boot-starter-test-2.3.8.RELEASE.jar;D:\apache-maven-3.6.1\repo\org\springframework\boot\spring-boot-test\2.3.8.RELEASE\spring-boot-test-2.3.8.RELEASE.jar;D:\apache-maven-3.6.1\repo\org\springframework\boot\spring-boot-test-autoconfigure\2.3.8.RELEASE\spring-boot-test-autoconfigure-2.3.8.RELEASE.jar;D:\apache-maven-3.6.1\repo\com\jayway\jsonpath\json-path\2.4.0\json-path-2.4.0.jar;D:\apache-maven-3.6.1\repo\net\minidev\json-smart\2.3\json-smart-2.3.jar;D:\apache-maven-3.6.1\repo\net\minidev\accessors-smart\1.2\accessors-smart-1.2.jar;D:\apache-maven-3.6.1\repo\org\ow2\asm\asm\5.0.4\asm-5.0.4.jar;D:\apache-maven-3.6.1\repo\org\slf4j\slf4j-api\1.7.30\slf4j-api-1.7.30.jar;D:\apache-maven-3.6.1\repo\jakarta\xml\bind\jakarta.xml.bind-api\2.3.3\jakarta.xml.bind-api-2.3.3.jar;D:\apache-maven-3.6.1\repo\jakarta\activation\jakarta.activation-api\1.2.2\jakarta.activation-api-1.2.2.jar;D:\apache-maven-3.6.1\repo\org\assertj\assertj-core\3.16.1\assertj-core-3.16.1.jar;D:\apache-maven-3.6.1\repo\org\hamcrest\hamcrest\2.2\hamcrest-2.2.jar;D:\apache-maven-3.6.1\repo\org\junit\jupiter\junit-jupiter\5.6.3\junit-jupiter-5.6.3.jar;D:\apache-maven-3.6.1\repo\org\junit\jupiter\junit-jupiter-api\5.6.3\junit-jupiter-api-5.6.3.jar;D:\apache-maven-3.6.1\repo\org\opentest4j\opentest4j\1.2.0\opentest4j-1.2.0.jar;D:\apache-maven-3.6.1\repo\org\junit\platform\junit-platform-commons\1.6.3\junit-platform-commons-1.6.3.jar;D:\apache-maven-3.6.1\repo\org\junit\jupiter\junit-jupiter-params\5.6.3\junit-jupiter-params-5.6.3.jar;D:\apache-maven-3.6.1\repo\org\junit\jupiter\junit-jupiter-engine\5.6.3\junit-jupiter-engine-5.6.3.jar;D:\apache-maven-3.6.1\repo\org\junit\vintage\junit-vintage-engine\5.6.3\junit-vintage-engine-5.6.3.jar;D:\apache-maven-3.6.1\repo\org\apiguardian\apiguardian-api\1.1.0\apiguardian-api-1.1.0.jar;D:\apache-maven-3.6.1\repo\org\junit\platform\junit-platform-engine\1.6.3\junit-platform-engine-1.6.3.jar;D:\apache-maven-3.6.1\repo\org\mockito\mockito-core\3.3.3\mockito-core-3.3.3.jar;D:\apache-maven-3.6.1\repo\net\bytebuddy\byte-buddy\1.10.19\byte-buddy-1.10.19.jar;D:\apache-maven-3.6.1\repo\net\bytebuddy\byte-buddy-agent\1.10.19\byte-buddy-agent-1.10.19.jar;D:\apache-maven-3.6.1\repo\org\objenesis\objenesis\2.6\objenesis-2.6.jar;D:\apache-maven-3.6.1\repo\org\mockito\mockito-junit-jupiter\3.3.3\mockito-junit-jupiter-3.3.3.jar;D:\apache-maven-3.6.1\repo\org\skyscreamer\jsonassert\1.5.0\jsonassert-1.5.0.jar;D:\apache-maven-3.6.1\repo\com\vaadin\external\google\android-json\0.0.20131108.vaadin1\android-json-0.0.20131108.vaadin1.jar;D:\apache-maven-3.6.1\repo\org\springframework\spring-core\5.2.12.RELEASE\spring-core-5.2.12.RELEASE.jar;D:\apache-maven-3.6.1\repo\org\springframework\spring-jcl\5.2.12.RELEASE\spring-jcl-5.2.12.RELEASE.jar;D:\apache-maven-3.6.1\repo\org\springframework\spring-test\5.2.12.RELEASE\spring-test-5.2.12.RELEASE.jar;D:\apache-maven-3.6.1\repo\org\xmlunit\xmlunit-core\2.7.0\xmlunit-core-2.7.0.jar;D:\apache-maven-3.6.1\repo\org\springframework\boot\spring-boot-autoconfigure\2.3.8.RELEASE\spring-boot-autoconfigure-2.3.8.RELEASE.jar;D:\apache-maven-3.6.1\repo\org\springframework\boot\spring-boot\2.3.8.RELEASE\spring-boot-2.3.8.RELEASE.jar;D:\apache-maven-3.6.1\repo\org\springframework\boot\spring-boot-starter-quartz\2.3.8.RELEASE\spring-boot-starter-quartz-2.3.8.RELEASE.jar;D:\apache-maven-3.6.1\repo\org\springframework\spring-context-support\5.2.12.RELEASE\spring-context-support-5.2.12.RELEASE.jar;D:\apache-maven-3.6.1\repo\org\springframework\spring-tx\5.2.12.RELEASE\spring-tx-5.2.12.RELEASE.jar;D:\apache-maven-3.6.1\repo\org\quartz-scheduler\quartz\2.3.2\quartz-2.3.2.jar;D:\apache-maven-3.6.1\repo\com\mchange\mchange-commons-java\0.2.15\mchange-commons-java-0.2.15.jar;D:\apache-maven-3.6.1\repo\commons-io\commons-io\2.4\commons-io-2.4.jar;D:\apache-maven-3.6.1\repo\com\alibaba\fastjson\2.0.7\fastjson-2.0.7.jar;D:\apache-maven-3.6.1\repo\com\alibaba\fastjson2\fastjson2-extension\2.0.7\fastjson2-extension-2.0.7.jar;D:\apache-maven-3.6.1\repo\com\alibaba\fastjson2\fastjson2\2.0.7\fastjson2-2.0.7.jar;D:\apache-maven-3.6.1\repo\junit\junit\4.13.2\junit-4.13.2.jar;D:\apache-maven-3.6.1\repo\org\hamcrest\hamcrest-core\2.2\hamcrest-core-2.2.jar;D:\apache-maven-3.6.1\repo\commons-lang\commons-lang\2.5\commons-lang-2.5.jar;"/>
    <property name="java.vm.vendor" value="Oracle Corporation"/>
    <property name="sun.arch.data.model" value="64"/>
    <property name="user.variant" value=""/>
    <property name="java.vendor.url" value="http://java.oracle.com/"/>
    <property name="user.timezone" value="Asia/Shanghai"/>
    <property name="java.vm.specification.version" value="1.8"/>
    <property name="os.name" value="Windows 7"/>
    <property name="user.country" value="CN"/>
    <property name="sun.java.launcher" value="SUN_STANDARD"/>
    <property name="sun.boot.library.path" value="C:\Program Files\Java\jdk1.8.0_202\jre\bin"/>
    <property name="sun.java.command" value="C:\Users\ADMINI~1.SKY\AppData\Local\Temp\surefire6048743548725523421\surefirebooter379438036119686201.jar C:\Users\Administrator.SKY-20170308KWH\AppData\Local\Temp\surefire6048743548725523421 2022-06-21T11-08-07_647-jvmRun1 surefire2851630554902925146tmp surefire_02892686160052947152tmp"/>
    <property name="surefire.test.class.path" value="D:\javacode\jobs-scheduler\target\test-classes;D:\javacode\jobs-scheduler\target\classes;D:\apache-maven-3.6.1\repo\org\springframework\boot\spring-boot-starter-web\2.3.8.RELEASE\spring-boot-starter-web-2.3.8.RELEASE.jar;D:\apache-maven-3.6.1\repo\org\springframework\boot\spring-boot-starter\2.3.8.RELEASE\spring-boot-starter-2.3.8.RELEASE.jar;D:\apache-maven-3.6.1\repo\org\springframework\boot\spring-boot-starter-logging\2.3.8.RELEASE\spring-boot-starter-logging-2.3.8.RELEASE.jar;D:\apache-maven-3.6.1\repo\ch\qos\logback\logback-classic\1.2.3\logback-classic-1.2.3.jar;D:\apache-maven-3.6.1\repo\ch\qos\logback\logback-core\1.2.3\logback-core-1.2.3.jar;D:\apache-maven-3.6.1\repo\org\apache\logging\log4j\log4j-to-slf4j\2.13.3\log4j-to-slf4j-2.13.3.jar;D:\apache-maven-3.6.1\repo\org\apache\logging\log4j\log4j-api\2.13.3\log4j-api-2.13.3.jar;D:\apache-maven-3.6.1\repo\org\slf4j\jul-to-slf4j\1.7.30\jul-to-slf4j-1.7.30.jar;D:\apache-maven-3.6.1\repo\jakarta\annotation\jakarta.annotation-api\1.3.5\jakarta.annotation-api-1.3.5.jar;D:\apache-maven-3.6.1\repo\org\yaml\snakeyaml\1.26\snakeyaml-1.26.jar;D:\apache-maven-3.6.1\repo\org\springframework\boot\spring-boot-starter-json\2.3.8.RELEASE\spring-boot-starter-json-2.3.8.RELEASE.jar;D:\apache-maven-3.6.1\repo\com\fasterxml\jackson\core\jackson-databind\2.11.4\jackson-databind-2.11.4.jar;D:\apache-maven-3.6.1\repo\com\fasterxml\jackson\core\jackson-annotations\2.11.4\jackson-annotations-2.11.4.jar;D:\apache-maven-3.6.1\repo\com\fasterxml\jackson\core\jackson-core\2.11.4\jackson-core-2.11.4.jar;D:\apache-maven-3.6.1\repo\com\fasterxml\jackson\datatype\jackson-datatype-jdk8\2.11.4\jackson-datatype-jdk8-2.11.4.jar;D:\apache-maven-3.6.1\repo\com\fasterxml\jackson\datatype\jackson-datatype-jsr310\2.11.4\jackson-datatype-jsr310-2.11.4.jar;D:\apache-maven-3.6.1\repo\com\fasterxml\jackson\module\jackson-module-parameter-names\2.11.4\jackson-module-parameter-names-2.11.4.jar;D:\apache-maven-3.6.1\repo\org\springframework\boot\spring-boot-starter-tomcat\2.3.8.RELEASE\spring-boot-starter-tomcat-2.3.8.RELEASE.jar;D:\apache-maven-3.6.1\repo\org\apache\tomcat\embed\tomcat-embed-core\9.0.41\tomcat-embed-core-9.0.41.jar;D:\apache-maven-3.6.1\repo\org\glassfish\jakarta.el\3.0.3\jakarta.el-3.0.3.jar;D:\apache-maven-3.6.1\repo\org\apache\tomcat\embed\tomcat-embed-websocket\9.0.41\tomcat-embed-websocket-9.0.41.jar;D:\apache-maven-3.6.1\repo\org\springframework\spring-web\5.2.12.RELEASE\spring-web-5.2.12.RELEASE.jar;D:\apache-maven-3.6.1\repo\org\springframework\spring-beans\5.2.12.RELEASE\spring-beans-5.2.12.RELEASE.jar;D:\apache-maven-3.6.1\repo\org\springframework\spring-webmvc\5.2.12.RELEASE\spring-webmvc-5.2.12.RELEASE.jar;D:\apache-maven-3.6.1\repo\org\springframework\spring-aop\5.2.12.RELEASE\spring-aop-5.2.12.RELEASE.jar;D:\apache-maven-3.6.1\repo\org\springframework\spring-context\5.2.12.RELEASE\spring-context-5.2.12.RELEASE.jar;D:\apache-maven-3.6.1\repo\org\springframework\spring-expression\5.2.12.RELEASE\spring-expression-5.2.12.RELEASE.jar;D:\apache-maven-3.6.1\repo\mysql\mysql-connector-java\8.0.22\mysql-connector-java-8.0.22.jar;D:\apache-maven-3.6.1\repo\org\projectlombok\lombok\1.18.16\lombok-1.18.16.jar;D:\apache-maven-3.6.1\repo\org\springframework\boot\spring-boot-starter-test\2.3.8.RELEASE\spring-boot-starter-test-2.3.8.RELEASE.jar;D:\apache-maven-3.6.1\repo\org\springframework\boot\spring-boot-test\2.3.8.RELEASE\spring-boot-test-2.3.8.RELEASE.jar;D:\apache-maven-3.6.1\repo\org\springframework\boot\spring-boot-test-autoconfigure\2.3.8.RELEASE\spring-boot-test-autoconfigure-2.3.8.RELEASE.jar;D:\apache-maven-3.6.1\repo\com\jayway\jsonpath\json-path\2.4.0\json-path-2.4.0.jar;D:\apache-maven-3.6.1\repo\net\minidev\json-smart\2.3\json-smart-2.3.jar;D:\apache-maven-3.6.1\repo\net\minidev\accessors-smart\1.2\accessors-smart-1.2.jar;D:\apache-maven-3.6.1\repo\org\ow2\asm\asm\5.0.4\asm-5.0.4.jar;D:\apache-maven-3.6.1\repo\org\slf4j\slf4j-api\1.7.30\slf4j-api-1.7.30.jar;D:\apache-maven-3.6.1\repo\jakarta\xml\bind\jakarta.xml.bind-api\2.3.3\jakarta.xml.bind-api-2.3.3.jar;D:\apache-maven-3.6.1\repo\jakarta\activation\jakarta.activation-api\1.2.2\jakarta.activation-api-1.2.2.jar;D:\apache-maven-3.6.1\repo\org\assertj\assertj-core\3.16.1\assertj-core-3.16.1.jar;D:\apache-maven-3.6.1\repo\org\hamcrest\hamcrest\2.2\hamcrest-2.2.jar;D:\apache-maven-3.6.1\repo\org\junit\jupiter\junit-jupiter\5.6.3\junit-jupiter-5.6.3.jar;D:\apache-maven-3.6.1\repo\org\junit\jupiter\junit-jupiter-api\5.6.3\junit-jupiter-api-5.6.3.jar;D:\apache-maven-3.6.1\repo\org\opentest4j\opentest4j\1.2.0\opentest4j-1.2.0.jar;D:\apache-maven-3.6.1\repo\org\junit\platform\junit-platform-commons\1.6.3\junit-platform-commons-1.6.3.jar;D:\apache-maven-3.6.1\repo\org\junit\jupiter\junit-jupiter-params\5.6.3\junit-jupiter-params-5.6.3.jar;D:\apache-maven-3.6.1\repo\org\junit\jupiter\junit-jupiter-engine\5.6.3\junit-jupiter-engine-5.6.3.jar;D:\apache-maven-3.6.1\repo\org\junit\vintage\junit-vintage-engine\5.6.3\junit-vintage-engine-5.6.3.jar;D:\apache-maven-3.6.1\repo\org\apiguardian\apiguardian-api\1.1.0\apiguardian-api-1.1.0.jar;D:\apache-maven-3.6.1\repo\org\junit\platform\junit-platform-engine\1.6.3\junit-platform-engine-1.6.3.jar;D:\apache-maven-3.6.1\repo\org\mockito\mockito-core\3.3.3\mockito-core-3.3.3.jar;D:\apache-maven-3.6.1\repo\net\bytebuddy\byte-buddy\1.10.19\byte-buddy-1.10.19.jar;D:\apache-maven-3.6.1\repo\net\bytebuddy\byte-buddy-agent\1.10.19\byte-buddy-agent-1.10.19.jar;D:\apache-maven-3.6.1\repo\org\objenesis\objenesis\2.6\objenesis-2.6.jar;D:\apache-maven-3.6.1\repo\org\mockito\mockito-junit-jupiter\3.3.3\mockito-junit-jupiter-3.3.3.jar;D:\apache-maven-3.6.1\repo\org\skyscreamer\jsonassert\1.5.0\jsonassert-1.5.0.jar;D:\apache-maven-3.6.1\repo\com\vaadin\external\google\android-json\0.0.20131108.vaadin1\android-json-0.0.20131108.vaadin1.jar;D:\apache-maven-3.6.1\repo\org\springframework\spring-core\5.2.12.RELEASE\spring-core-5.2.12.RELEASE.jar;D:\apache-maven-3.6.1\repo\org\springframework\spring-jcl\5.2.12.RELEASE\spring-jcl-5.2.12.RELEASE.jar;D:\apache-maven-3.6.1\repo\org\springframework\spring-test\5.2.12.RELEASE\spring-test-5.2.12.RELEASE.jar;D:\apache-maven-3.6.1\repo\org\xmlunit\xmlunit-core\2.7.0\xmlunit-core-2.7.0.jar;D:\apache-maven-3.6.1\repo\org\springframework\boot\spring-boot-autoconfigure\2.3.8.RELEASE\spring-boot-autoconfigure-2.3.8.RELEASE.jar;D:\apache-maven-3.6.1\repo\org\springframework\boot\spring-boot\2.3.8.RELEASE\spring-boot-2.3.8.RELEASE.jar;D:\apache-maven-3.6.1\repo\org\springframework\boot\spring-boot-starter-quartz\2.3.8.RELEASE\spring-boot-starter-quartz-2.3.8.RELEASE.jar;D:\apache-maven-3.6.1\repo\org\springframework\spring-context-support\5.2.12.RELEASE\spring-context-support-5.2.12.RELEASE.jar;D:\apache-maven-3.6.1\repo\org\springframework\spring-tx\5.2.12.RELEASE\spring-tx-5.2.12.RELEASE.jar;D:\apache-maven-3.6.1\repo\org\quartz-scheduler\quartz\2.3.2\quartz-2.3.2.jar;D:\apache-maven-3.6.1\repo\com\mchange\mchange-commons-java\0.2.15\mchange-commons-java-0.2.15.jar;D:\apache-maven-3.6.1\repo\commons-io\commons-io\2.4\commons-io-2.4.jar;D:\apache-maven-3.6.1\repo\com\alibaba\fastjson\2.0.7\fastjson-2.0.7.jar;D:\apache-maven-3.6.1\repo\com\alibaba\fastjson2\fastjson2-extension\2.0.7\fastjson2-extension-2.0.7.jar;D:\apache-maven-3.6.1\repo\com\alibaba\fastjson2\fastjson2\2.0.7\fastjson2-2.0.7.jar;D:\apache-maven-3.6.1\repo\junit\junit\4.13.2\junit-4.13.2.jar;D:\apache-maven-3.6.1\repo\org\hamcrest\hamcrest-core\2.2\hamcrest-core-2.2.jar;D:\apache-maven-3.6.1\repo\commons-lang\commons-lang\2.5\commons-lang-2.5.jar;"/>
    <property name="sun.cpu.endian" value="little"/>
    <property name="user.home" value="C:\Users\Administrator.SKY-20170308KWH"/>
    <property name="user.language" value="zh"/>
    <property name="java.specification.vendor" value="Oracle Corporation"/>
    <property name="java.home" value="C:\Program Files\Java\jdk1.8.0_202\jre"/>
    <property name="basedir" value="D:\javacode\jobs-scheduler"/>
    <property name="file.separator" value="\"/>
    <property name="line.separator" value="&#10;"/>
    <property name="java.vm.specification.vendor" value="Oracle Corporation"/>
    <property name="java.specification.name" value="Java Platform API Specification"/>
    <property name="java.awt.graphicsenv" value="sun.awt.Win32GraphicsEnvironment"/>
    <property name="surefire.real.class.path" value="C:\Users\ADMINI~1.SKY\AppData\Local\Temp\surefire6048743548725523421\surefirebooter379438036119686201.jar"/>
    <property name="sun.boot.class.path" value="C:\Program Files\Java\jdk1.8.0_202\jre\lib\resources.jar;C:\Program Files\Java\jdk1.8.0_202\jre\lib\rt.jar;C:\Program Files\Java\jdk1.8.0_202\jre\lib\sunrsasign.jar;C:\Program Files\Java\jdk1.8.0_202\jre\lib\jsse.jar;C:\Program Files\Java\jdk1.8.0_202\jre\lib\jce.jar;C:\Program Files\Java\jdk1.8.0_202\jre\lib\charsets.jar;C:\Program Files\Java\jdk1.8.0_202\jre\lib\jfr.jar;C:\Program Files\Java\jdk1.8.0_202\jre\classes"/>
    <property name="user.script" value=""/>
    <property name="sun.management.compiler" value="HotSpot 64-Bit Tiered Compilers"/>
    <property name="java.runtime.version" value="1.8.0_202-b08"/>
    <property name="user.name" value="Administrator"/>
    <property name="path.separator" value=";"/>
    <property name="os.version" value="6.1"/>
    <property name="java.endorsed.dirs" value="C:\Program Files\Java\jdk1.8.0_202\jre\lib\endorsed"/>
    <property name="java.runtime.name" value="Java(TM) SE Runtime Environment"/>
    <property name="file.encoding" value="GBK"/>
    <property name="java.vm.name" value="Java HotSpot(TM) 64-Bit Server VM"/>
    <property name="localRepository" value="D:\apache-maven-3.6.1\repo"/>
    <property name="java.vendor.url.bug" value="http://bugreport.sun.com/bugreport/"/>
    <property name="java.io.tmpdir" value="C:\Users\ADMINI~1.SKY\AppData\Local\Temp\"/>
    <property name="idea.version" value="2020.2"/>
    <property name="java.version" value="1.8.0_202"/>
    <property name="user.dir" value="D:\javacode\jobs-scheduler"/>
    <property name="os.arch" value="amd64"/>
    <property name="java.vm.specification.name" value="Java Virtual Machine Specification"/>
    <property name="java.awt.printerjob" value="sun.awt.windows.WPrinterJob"/>
    <property name="sun.os.patch.level" value="Service Pack 1"/>
    <property name="java.library.path" value="C:\Program Files\Java\jdk1.8.0_202\jre\bin;C:\Windows\Sun\Java\bin;C:\Windows\system32;C:\Windows;C:\Program Files (x86)\NetSarang\Xftp 6\;C:\Program Files (x86)\NetSarang\Xshell 6\;C:\Program Files (x86)\Common Files\NetSarang;C:\Windows\system32;C:\Windows;C:\Windows\System32\Wbem;C:\Windows\System32\WindowsPowerShell\v1.0\;C:\Program Files (x86)\NVIDIA Corporation\PhysX\Common;C:\Users\Administrator.SKY-20170308KWH\AppData\Local\Programs\Python\Python36\Scripts\;C:\Users\Administrator.SKY-20170308KWH\AppData\Local\Programs\Python\Python36\;C:\Program Files\Java\jdk1.8.0_202\bin;C:\cygwin64\bin;C:\Program Files\Microsoft VS Code\bin;C:\Program Files\Git\bin;d:\apache-maven-3.6.1\bin;C:\Program Files\Oracle\VirtualBox;C:\Users\Administrator.SKY-20170308KWH\AppData\Roaming\Python\Python36\Scripts;C:\Go\bin;C:\Program Files\nodejs\;C:\Program Files (x86)\Windows7Master;C:\Program Files\Redis\;C:\Program Files (x86)\NetSarang\Xftp 7\;C:\Program Files (x86)\NetSarang\Xshell 7\;C:\Users\Administrator.SKY-20170308KWH\.windows-build-tools\python27\;C:\Users\Administrator.SKY-20170308KWH\.windows-build-tools\python27\;C:\Users\Administrator.SKY-20170308KWH\.windows-build-tools\python27\;C:\Users\Administrator.SKY-20170308KWH\.windows-build-tools\python27\;C:\Users\Administrator.SKY-20170308KWH\.windows-build-tools\python27;C:\Program Files\MySQL\MySQL Shell 8.0\bin\;C:\Users\Administrator.SKY-20170308KWH\AppData\Local\Programs\Python\Python36\Scripts\;C:\Users\Administrator.SKY-20170308KWH\AppData\Local\Programs\Python\Python36\;C:\Program Files\JetBrains\GoLand 2020.1.2\bin;;C:\Users\Administrator.SKY-20170308KWH\go\bin;C:\Program Files\MySQL\MySQL Server 5.7\bin;C:\Program Files\JetBrains\IntelliJ IDEA 2020.1.2\bin;;C:\Users\Administrator.SKY-20170308KWH\AppData\Roaming\npm;D:\NpmCode\HexoBlog\MyBlog\node_modules\.bin;D:\tools\ffmpeg-4.3.1-2020-10-01-full_build\bin;C:\Program Files\nodejs;C:\Users\Administrator.SKY-20170308KWH\Desktop\tools\cmder_Mini\;D:\tools\nginx-1.19.4;C:\Users\Administrator.SKY-20170308KWH\AppData\Local\Programs\Fiddler;C:\Users\Administrator.SKY-20170308KWH\AppData\Local\Yarn\bin;."/>
    <property name="java.vm.info" value="mixed mode"/>
    <property name="java.vendor" value="Oracle Corporation"/>
    <property name="java.vm.version" value="25.202-b08"/>
    <property name="java.ext.dirs" value="C:\Program Files\Java\jdk1.8.0_202\jre\lib\ext;C:\Windows\Sun\Java\lib\ext"/>
    <property name="sun.io.unicode.encoding" value="UnicodeLittle"/>
    <property name="java.class.version" value="52.0"/>
  </properties>
  <testcase name="contextLoads" classname="com.yuanbest.jobscheduler.JobsSchedulerApplicationTests" time="0.268"/>
</testsuite>